<?xml version="1.0" encoding="UTF-8"?>
<!-- Generated by org.testng.reporters.JUnitReportReporter -->
<testsuite hostname="LAPTOP-5KMFOFH9" failures="0" tests="4" name="com.SwagLabs.TestCases.AddToCartTestCase" time="0.142" errors="0" timestamp="2023-06-24T19:30:20 IST" skipped="2">
  <testcase classname="com.SwagLabs.TestCases.AddToCartTestCase" name="verifyOpenCartPage" time="0.069"/>
  <system-out/>
  <testcase classname="com.SwagLabs.TestCases.AddToCartTestCase" name="verifyCheckOut" time="0.073"/>
  <system-out/>
  <testcase classname="com.SwagLabs.TestCases.AddToCartTestCase" name="verifyProductRemove">
    <skipped/>
  </testcase> <!-- verifyProductRemove -->
  <system-out/>
  <testcase classname="com.SwagLabs.TestCases.AddToCartTestCase" name="verifyContinueShopping">
    <skipped/>
  </testcase> <!-- verifyContinueShopping -->
  <system-out/>
</testsuite> <!-- com.SwagLabs.TestCases.AddToCartTestCase -->
