<?xml version="1.0" encoding="UTF-8"?>
<!-- Generated by org.testng.reporters.JUnitReportReporter -->
<testsuite hostname="LAPTOP-5KMFOFH9" failures="0" tests="2" name="com.SwagLabs.TestCases.CheckOutTestCase" time="0.383" errors="0" timestamp="2023-06-24T19:40:10 IST" skipped="1">
  <testcase classname="com.SwagLabs.TestCases.CheckOutTestCase" name="verifyCheckout" time="0.383"/>
  <system-out/>
  <testcase classname="com.SwagLabs.TestCases.CheckOutTestCase" name="verifyCancel">
    <skipped/>
  </testcase> <!-- verifyCancel -->
  <system-out/>
</testsuite> <!-- com.SwagLabs.TestCases.CheckOutTestCase -->
