<?xml version="1.0" encoding="UTF-8"?>
<!-- Generated by org.testng.reporters.JUnitReportReporter -->
<testsuite hostname="LAPTOP-5KMFOFH9" failures="0" tests="3" name="com.SwagLabs.TestCases.OverviewTestCase" time="0.517" errors="0" timestamp="2023-07-04T12:20:28 IST" skipped="1">
  <testcase classname="com.SwagLabs.TestCases.OverviewTestCase" name="verifySummary" time="0.072"/>
  <system-out/>
  <testcase classname="com.SwagLabs.TestCases.OverviewTestCase" name="verifyFinish" time="0.445"/>
  <system-out/>
  <testcase classname="com.SwagLabs.TestCases.OverviewTestCase" name="verifyCancel">
    <skipped/>
  </testcase> <!-- verifyCancel -->
  <system-out/>
</testsuite> <!-- com.SwagLabs.TestCases.OverviewTestCase -->
