<?xml version="1.0" encoding="UTF-8"?>
<!-- Generated by org.testng.reporters.JUnitReportReporter -->
<testsuite hostname="LAPTOP-5KMFOFH9" failures="0" tests="2" name="com.SwagLabs.TestCases.LoginPageTestCase" time="0.445" errors="0" timestamp="2023-06-23T19:41:59 IST" skipped="0">
  <testcase classname="com.SwagLabs.TestCases.LoginPageTestCase" name="verifyTitle" time="0.021"/>
  <system-out/>
  <testcase classname="com.SwagLabs.TestCases.LoginPageTestCase" name="verifyLogin" time="0.424"/>
  <system-out/>
</testsuite> <!-- com.SwagLabs.TestCases.LoginPageTestCase -->
