<?xml version="1.0" encoding="UTF-8"?>
<!-- Generated by org.testng.reporters.JUnitReportReporter -->
<testsuite hostname="LAPTOP-5KMFOFH9" failures="0" tests="3" name="com.SwagLabs.TestCases.InventoryTestCase" time="0.364" errors="0" timestamp="2023-06-24T19:13:34 IST" skipped="0">
  <testcase classname="com.SwagLabs.TestCases.InventoryTestCase" name="verifyTotalProduct" time="0.028"/>
  <system-out/>
  <testcase classname="com.SwagLabs.TestCases.InventoryTestCase" name="verifyProduct" time="0.121"/>
  <system-out/>
  <testcase classname="com.SwagLabs.TestCases.InventoryTestCase" name="ValidateAddToCart" time="0.215"/>
  <system-out/>
</testsuite> <!-- com.SwagLabs.TestCases.InventoryTestCase -->
